<?xml version="1.0" encoding="UTF-8"?>
<!-- Generated by org.testng.reporters.JUnitXMLReporter -->
<testsuite ignored="0" hostname="DESKTOP-2PR4HOQ" failures="0" tests="3" name="Test" time="172.462" errors="0" timestamp="2022-10-03T17:30:02 IST">
  <testcase classname="com.testings.AutomateWebapplication" name="signupform" time="67.552"/>
  <testcase classname="com.testings.AutomateWebapplication" name="Login" time="31.911"/>
  <testcase classname="com.testings.AutomateWebapplication" name="addToCart" time="48.544"/>
</testsuite> <!-- Test -->
